各位老师好：
我叫焦文涛，2019年毕业于吉林大学，上一份工作是任职于深圳法本信息科技有限公司上海分公司大数据开发工程师岗位,被外派到浦发银行信用卡中心,负责总行pulsar数据入湖项目的开发工作,
包括flink程序开发，任务调度，监控预警等工作。
主要是将总行下数平台和事件平台kafka和pulsar中的会计传票,交易流水,,反欺诈和事件数据使用flink写入信用卡中心数据湖中,供业务人员使用。
2020年7月至2023年7月在上海小年鱼网络科技有限公司，当时公司也是起步阶段，很重视大数据开发这块，公司技术氛围比较好，我融入的很快，学习和进步都很快。
之后3年的时间里主要是做电商项目，做过数据平台搭建、数仓项目里面的离线计算系统和实时分析系统。数据平台搭建是从0到1，包括服务器选型、项目架构等、框架版本选型；数仓的建模、指标分析等等。



面试官您好，我叫焦文涛，2019年毕业于吉林大学，专业虽是机械工程，但大学期间就对编程和计算机方向非常感兴趣。毕业后我转型进入IT行业，长期从事大数据开发相关工作。

最近一份工作是在深圳法本信息科技有限公司上海分公司，担任大数据开发工程师，外派至浦发银行信用卡中心。主要参与总行 Pulsar 数据入湖项目，负责 Flink 实时程序开发、任务调度、监控预警等模块。
项目中我们需要将总行下发的 Kafka 和 Pulsar 中的会计传票、交易流水、反欺诈、事件数据等同步到信用卡中心的数据湖HDFS，供业务分析使用。
在此之前，我于 2020 年 7 月至 2023 年 7 月在上海小年鱼网络科技有限公司工作。公司当时刚起步，非常重视数据平台建设，我有幸从早期就参与进来，主导过多个电商业务相关的大数据项目。包括从 0 到 1 的数据平台搭建，如服务器选型、技术架构设计、组件版本选型等；以及离线数仓建模、指标体系设计、实时计算任务开发等，
技术栈覆盖 Hadoop、Hive、Spark、Flink、Kafka、DolphinScheduler 等。
我具备从数据采集、清洗、建模到任务调度、监控告警的全链路开发能力，也有实际在大型金融场景中处理多源数据对接与落地的经验。
如果可以的话，我可以进一步介绍一下我在浦发银行参与的 Flink 数据入湖项目。

面试官您好，我叫焦文涛，2019年毕业于吉林大学，专业虽是机械工程，但大学期间就对编程和计算机方向非常感兴趣。毕业后我转型进入IT行业，长期从事大数据开发相关工作。
最近一份工作是在深圳法本信息科技有限公司上海分公司，担任大数据开发工程师，外派至浦发银行信用卡中心。主要参与总行 Pulsar 数据入湖项目，负责 Flink 实时程序开发、任务调度、监控预警等模块。
项目中我们需要将总行下发的 Kafka 和 Pulsar 中的会计传票、交易流水、反欺诈、事件数据等同步到信用卡中心的数据湖hdfs，供业务分析使用。
在此之前，我于 2020 年 7 月至 2023 年 7 月在上海小年鱼网络科技有限公司工作。公司当时刚起步，非常重视数据平台建设，我有幸从早期就参与进来，参与过电商业务相关的大数据项目。
包括从 0 到 1 的数据平台搭建，如服务器选型、技术架构设计、组件版本选型等；
以及离线数仓建模、指标体系设计、实时计算任务开发等，技术栈覆盖Linux, Hadoop、Hive、Flink、Kafka 等。
我具备从数据采集、清洗、建模到任务调度、监控告警的全链路开发能力，也有实际在大型金融场景中处理多源数据对接与落地的经验。如果可以的话，我可以进一步介绍一下我在浦发银行参与的 Flink 数据入湖项目。